0 info it worked if it ends with ok
1 verbose cli [ 'C:\\Program Files\\nodejs\\node.exe',
1 verbose cli   'C:\\Program Files\\nodejs\\node_modules\\npm\\bin\\npm-cli.js',
1 verbose cli   'run',
1 verbose cli   'build' ]
2 info using npm@3.10.10
3 info using node@v6.14.4
4 verbose run-script [ 'prebuild', 'build', 'postbuild' ]
5 info lifecycle realworld-vue@0.1.0~prebuild: realworld-vue@0.1.0
6 silly lifecycle realworld-vue@0.1.0~prebuild: no script for prebuild, continuing
7 info lifecycle realworld-vue@0.1.0~build: realworld-vue@0.1.0
8 verbose lifecycle realworld-vue@0.1.0~build: unsafe-perm in lifecycle true
9 verbose lifecycle realworld-vue@0.1.0~build: PATH: C:\Program Files\nodejs\node_modules\npm\bin\node-gyp-bin;F:\personal\NAGP_session\Himanshi_347262_VueAssignment\Himanshi_347262_VueAssignment\node_modules\.bin;C:\Program Files\Microsoft MPI\Bin\;C:\AmdocsCRM7.5.0.7\ClarifyClient;C:\windows\system32;C:\windows;C:\windows\System32\Wbem;C:\windows\System32\WindowsPowerShell\v1.0\;C:\Program Files (x86)\Sennheiser\SoftphoneSDK\;C:\Program Files (x86)\Microsoft SQL Server\140\Tools\Binn\;C:\Program Files\Microsoft SQL Server\140\Tools\Binn\;C:\Program Files (x86)\Microsoft SQL Server\140\DTS\Binn\;C:\Program Files\Microsoft SQL Server\140\DTS\Binn\;C:\Program Files\Microsoft SQL Server\Client SDK\ODBC\130\Tools\Binn\;C:\Program Files (x86)\Microsoft SQL Server\150\DTS\Binn\;C:\Program Files\dotnet\;C:\Program Files\Git\cmd;C:\Program Files\Microsoft SQL Server\130\Tools\Binn\;C:\Program Files\nodejs\;C:\Program Files\Java\jdk-11.0.1\bin;C:\Users\vibhu.kamar\AppData\Local\Microsoft\WindowsApps;C:\Users\vibhu.kamar\AppData\Local\Programs\Microsoft VS Code\bin;C:\Program Files\nodejs\;C:\Users\vibhu.kamar\AppData\Roaming\npm;C:\Users\vibhu.kamar\.dotnet\tools
10 verbose lifecycle realworld-vue@0.1.0~build: CWD: F:\personal\NAGP_session\Himanshi_347262_VueAssignment\Himanshi_347262_VueAssignment
11 silly lifecycle realworld-vue@0.1.0~build: Args: [ '/d /s /c', 'vue-cli-service build' ]
12 silly lifecycle realworld-vue@0.1.0~build: Returned: code: 1  signal: null
13 info lifecycle realworld-vue@0.1.0~build: Failed to exec build script
14 verbose stack Error: realworld-vue@0.1.0 build: `vue-cli-service build`
14 verbose stack Exit status 1
14 verbose stack     at EventEmitter.<anonymous> (C:\Program Files\nodejs\node_modules\npm\lib\utils\lifecycle.js:255:16)
14 verbose stack     at emitTwo (events.js:106:13)
14 verbose stack     at EventEmitter.emit (events.js:191:7)
14 verbose stack     at ChildProcess.<anonymous> (C:\Program Files\nodejs\node_modules\npm\lib\utils\spawn.js:40:14)
14 verbose stack     at emitTwo (events.js:106:13)
14 verbose stack     at ChildProcess.emit (events.js:191:7)
14 verbose stack     at maybeClose (internal/child_process.js:920:16)
14 verbose stack     at Process.ChildProcess._handle.onexit (internal/child_process.js:230:5)
15 verbose pkgid realworld-vue@0.1.0
16 verbose cwd F:\personal\NAGP_session\Himanshi_347262_VueAssignment\Himanshi_347262_VueAssignment
17 error Windows_NT 10.0.14393
18 error argv "C:\\Program Files\\nodejs\\node.exe" "C:\\Program Files\\nodejs\\node_modules\\npm\\bin\\npm-cli.js" "run" "build"
19 error node v6.14.4
20 error npm  v3.10.10
21 error code ELIFECYCLE
22 error realworld-vue@0.1.0 build: `vue-cli-service build`
22 error Exit status 1
23 error Failed at the realworld-vue@0.1.0 build script 'vue-cli-service build'.
23 error Make sure you have the latest version of node.js and npm installed.
23 error If you do, this is most likely a problem with the realworld-vue package,
23 error not with npm itself.
23 error Tell the author that this fails on your system:
23 error     vue-cli-service build
23 error You can get information on how to open an issue for this project with:
23 error     npm bugs realworld-vue
23 error Or if that isn't available, you can get their info via:
23 error     npm owner ls realworld-vue
23 error There is likely additional logging output above.
24 verbose exit [ 1, true ]
